<?xml version="1.0" encoding="UTF-8"?>
<testsuite name="com.pw24.pw24.service.RegistrationServiceTest" tests="1" skipped="0" failures="0" errors="0" timestamp="2023-04-10T11:45:07" hostname="MacBook-Pro-Mihail-3.local" time="0.02">
  <properties/>
  <testcase name="testRegister()" classname="com.pw24.pw24.service.RegistrationServiceTest" time="0.02"/>
  <system-out><![CDATA[]]></system-out>
  <system-err><![CDATA[]]></system-err>
</testsuite>
